\BOOKMARK [1][-]{section.1}{Introduction}{}% 1
\BOOKMARK [1][-]{section.2}{Methodology}{}% 2
\BOOKMARK [2][-]{subsection.2.1}{Datasets}{section.2}% 3
\BOOKMARK [2][-]{subsection.2.2}{Models}{section.2}% 4
\BOOKMARK [1][-]{section.3}{Experiments\040and\040Results}{}% 5
\BOOKMARK [2][-]{subsection.3.1}{Preprocess}{section.3}% 6
\BOOKMARK [1][-]{section.4}{SVM}{}% 7
\BOOKMARK [2][-]{subsection.4.1}{Binary\040Classification}{section.4}% 8
\BOOKMARK [2][-]{subsection.4.2}{Multi-class\040Classification}{section.4}% 9
\BOOKMARK [1][-]{section.5}{Neural\040Network}{}% 10
\BOOKMARK [2][-]{subsection.5.1}{Optimization\040Algorithm}{section.5}% 11
\BOOKMARK [2][-]{subsection.5.2}{Activation\040Function}{section.5}% 12
\BOOKMARK [2][-]{subsection.5.3}{Learning\040Rate}{section.5}% 13
\BOOKMARK [2][-]{subsection.5.4}{Network\040Architecture}{section.5}% 14
\BOOKMARK [2][-]{subsection.5.5}{Dimension\040of\040Features}{section.5}% 15
\BOOKMARK [1][-]{section.6}{Comparison\040Between\040SVM\040and\040Deep\040Learning\040Algorithm\040Benchmark}{}% 16
\BOOKMARK [1][-]{appendix.A}{Appendix}{}% 17
\BOOKMARK [2][-]{subsection.A.1}{Details\040of\040Datasets\040in\040Experiments}{appendix.A}% 18
\BOOKMARK [3][-]{subsubsection.A.1.1}{Splice\040splice}{subsection.A.1}% 19
\BOOKMARK [3][-]{subsubsection.A.1.2}{Satimage\040satimage}{subsection.A.1}% 20
\BOOKMARK [3][-]{subsubsection.A.1.3}{ConvexNonConvex\040convex}{subsection.A.1}% 21
